[2024-11-06 16:43:41] local.INFO: Notification failed to send. Preparing to release credits. {"notification_id":"1badae6f-1a34-4118-a85b-27f41add3172","results":{"success":false}} 
[2024-11-06 16:43:41] local.INFO: Attempting to release all credits. {"credit_entry_exists":true,"pending_credits":1} 
[2024-11-06 16:43:41] local.ERROR: Notification failed to send {"id":"1badae6f-1a34-4118-a85b-27f41add3172"} 
[2024-11-06 16:43:41] local.ERROR: AfricasTalking service responded with an error: cURL error 60: SSL certificate problem: unable to get local issuer certificate (see https://curl.haxx.se/libcurl/c/libcurl-errors.html) for https://api.sandbox.africastalking.com/version1/messaging {"exception":"[object] (NotificationChannels\\AfricasTalking\\Exceptions\\CouldNotSendNotification(code: 0): AfricasTalking service responded with an error: cURL error 60: SSL certificate problem: unable to get local issuer certificate (see https://curl.haxx.se/libcurl/c/libcurl-errors.html) for https://api.sandbox.africastalking.com/version1/messaging at C:\\wamp64\\www\\Bridgetechproperties\\vendor\\laravel-notification-channels\\africastalking\\src\\Exceptions\\CouldNotSendNotification.php:15)
[stacktrace]
#0 C:\\wamp64\\www\\Bridgetechproperties\\vendor\\laravel-notification-channels\\africastalking\\src\\AfricasTalkingChannel.php(56): NotificationChannels\\AfricasTalking\\Exceptions\\CouldNotSendNotification::serviceRespondedWithAnError('cURL error 60: ...')
#1 C:\\wamp64\\www\\Bridgetechproperties\\vendor\\laravel\\framework\\src\\Illuminate\\Notifications\\NotificationSender.php(148): NotificationChannels\\AfricasTalking\\AfricasTalkingChannel->send(Object(App\\Models\\User), Object(App\\Notifications\\SendTextNotification))
#2 C:\\wamp64\\www\\Bridgetechproperties\\vendor\\laravel\\framework\\src\\Illuminate\\Notifications\\NotificationSender.php(106): Illuminate\\Notifications\\NotificationSender->sendToNotifiable(Object(App\\Models\\User), '5ac0ce98-59bd-4...', Object(App\\Notifications\\SendTextNotification), 'NotificationCha...')
#3 C:\\wamp64\\www\\Bridgetechproperties\\vendor\\laravel\\framework\\src\\Illuminate\\Support\\Traits\\Localizable.php(19): Illuminate\\Notifications\\NotificationSender->Illuminate\\Notifications\\{closure}()
#4 C:\\wamp64\\www\\Bridgetechproperties\\vendor\\laravel\\framework\\src\\Illuminate\\Notifications\\NotificationSender.php(101): Illuminate\\Notifications\\NotificationSender->withLocale(NULL, Object(Closure))
#5 C:\\wamp64\\www\\Bridgetechproperties\\vendor\\laravel\\framework\\src\\Illuminate\\Notifications\\ChannelManager.php(54): Illuminate\\Notifications\\NotificationSender->sendNow(Object(Illuminate\\Database\\Eloquent\\Collection), Object(App\\Notifications\\SendTextNotification), Array)
#6 C:\\wamp64\\www\\Bridgetechproperties\\vendor\\laravel\\framework\\src\\Illuminate\\Notifications\\SendQueuedNotifications.php(112): Illuminate\\Notifications\\ChannelManager->sendNow(Object(Illuminate\\Database\\Eloquent\\Collection), Object(App\\Notifications\\SendTextNotification), Array)
#7 C:\\wamp64\\www\\Bridgetechproperties\\vendor\\laravel\\framework\\src\\Illuminate\\Container\\BoundMethod.php(36): Illuminate\\Notifications\\SendQueuedNotifications->handle(Object(Illuminate\\Notifications\\ChannelManager))
#8 C:\\wamp64\\www\\Bridgetechproperties\\vendor\\laravel\\framework\\src\\Illuminate\\Container\\Util.php(41): Illuminate\\Container\\BoundMethod::Illuminate\\Container\\{closure}()
#9 C:\\wamp64\\www\\Bridgetechproperties\\vendor\\laravel\\framework\\src\\Illuminate\\Container\\BoundMethod.php(93): Illuminate\\Container\\Util::unwrapIfClosure(Object(Closure))
#10 C:\\wamp64\\www\\Bridgetechproperties\\vendor\\laravel\\framework\\src\\Illuminate\\Container\\BoundMethod.php(35): Illuminate\\Container\\BoundMethod::callBoundMethod(Object(Illuminate\\Foundation\\Application), Array, Object(Closure))
#11 C:\\wamp64\\www\\Bridgetechproperties\\vendor\\laravel\\framework\\src\\Illuminate\\Container\\Container.php(661): Illuminate\\Container\\BoundMethod::call(Object(Illuminate\\Foundation\\Application), Array, Array, NULL)
#12 C:\\wamp64\\www\\Bridgetechproperties\\vendor\\laravel\\framework\\src\\Illuminate\\Bus\\Dispatcher.php(128): Illuminate\\Container\\Container->call(Array)
#13 C:\\wamp64\\www\\Bridgetechproperties\\vendor\\laravel\\framework\\src\\Illuminate\\Pipeline\\Pipeline.php(141): Illuminate\\Bus\\Dispatcher->Illuminate\\Bus\\{closure}(Object(Illuminate\\Notifications\\SendQueuedNotifications))
#14 C:\\wamp64\\www\\Bridgetechproperties\\vendor\\laravel\\framework\\src\\Illuminate\\Pipeline\\Pipeline.php(116): Illuminate\\Pipeline\\Pipeline->Illuminate\\Pipeline\\{closure}(Object(Illuminate\\Notifications\\SendQueuedNotifications))
#15 C:\\wamp64\\www\\Bridgetechproperties\\vendor\\laravel\\framework\\src\\Illuminate\\Bus\\Dispatcher.php(132): Illuminate\\Pipeline\\Pipeline->then(Object(Closure))
#16 C:\\wamp64\\www\\Bridgetechproperties\\vendor\\laravel\\framework\\src\\Illuminate\\Queue\\CallQueuedHandler.php(123): Illuminate\\Bus\\Dispatcher->dispatchNow(Object(Illuminate\\Notifications\\SendQueuedNotifications), false)
#17 C:\\wamp64\\www\\Bridgetechproperties\\vendor\\laravel\\framework\\src\\Illuminate\\Pipeline\\Pipeline.php(141): Illuminate\\Queue\\CallQueuedHandler->Illuminate\\Queue\\{closure}(Object(Illuminate\\Notifications\\SendQueuedNotifications))
#18 C:\\wamp64\\www\\Bridgetechproperties\\vendor\\laravel\\framework\\src\\Illuminate\\Pipeline\\Pipeline.php(116): Illuminate\\Pipeline\\Pipeline->Illuminate\\Pipeline\\{closure}(Object(Illuminate\\Notifications\\SendQueuedNotifications))
#19 C:\\wamp64\\www\\Bridgetechproperties\\vendor\\laravel\\framework\\src\\Illuminate\\Queue\\CallQueuedHandler.php(122): Illuminate\\Pipeline\\Pipeline->then(Object(Closure))
#20 C:\\wamp64\\www\\Bridgetechproperties\\vendor\\laravel\\framework\\src\\Illuminate\\Queue\\CallQueuedHandler.php(70): Illuminate\\Queue\\CallQueuedHandler->dispatchThroughMiddleware(Object(Illuminate\\Queue\\Jobs\\DatabaseJob), Object(Illuminate\\Notifications\\SendQueuedNotifications))
#21 C:\\wamp64\\www\\Bridgetechproperties\\vendor\\laravel\\framework\\src\\Illuminate\\Queue\\Jobs\\Job.php(98): Illuminate\\Queue\\CallQueuedHandler->call(Object(Illuminate\\Queue\\Jobs\\DatabaseJob), Array)
#22 C:\\wamp64\\www\\Bridgetechproperties\\vendor\\laravel\\framework\\src\\Illuminate\\Queue\\Worker.php(425): Illuminate\\Queue\\Jobs\\Job->fire()
#23 C:\\wamp64\\www\\Bridgetechproperties\\vendor\\laravel\\framework\\src\\Illuminate\\Queue\\Worker.php(375): Illuminate\\Queue\\Worker->process('database', Object(Illuminate\\Queue\\Jobs\\DatabaseJob), Object(Illuminate\\Queue\\WorkerOptions))
#24 C:\\wamp64\\www\\Bridgetechproperties\\vendor\\laravel\\framework\\src\\Illuminate\\Queue\\Worker.php(173): Illuminate\\Queue\\Worker->runJob(Object(Illuminate\\Queue\\Jobs\\DatabaseJob), 'database', Object(Illuminate\\Queue\\WorkerOptions))
#25 C:\\wamp64\\www\\Bridgetechproperties\\vendor\\laravel\\framework\\src\\Illuminate\\Queue\\Console\\WorkCommand.php(147): Illuminate\\Queue\\Worker->daemon('database', 'default', Object(Illuminate\\Queue\\WorkerOptions))
#26 C:\\wamp64\\www\\Bridgetechproperties\\vendor\\laravel\\framework\\src\\Illuminate\\Queue\\Console\\WorkCommand.php(130): Illuminate\\Queue\\Console\\WorkCommand->runWorker('database', 'default')
#27 C:\\wamp64\\www\\Bridgetechproperties\\vendor\\laravel\\framework\\src\\Illuminate\\Container\\BoundMethod.php(36): Illuminate\\Queue\\Console\\WorkCommand->handle()
#28 C:\\wamp64\\www\\Bridgetechproperties\\vendor\\laravel\\framework\\src\\Illuminate\\Container\\Util.php(41): Illuminate\\Container\\BoundMethod::Illuminate\\Container\\{closure}()
#29 C:\\wamp64\\www\\Bridgetechproperties\\vendor\\laravel\\framework\\src\\Illuminate\\Container\\BoundMethod.php(93): Illuminate\\Container\\Util::unwrapIfClosure(Object(Closure))
#30 C:\\wamp64\\www\\Bridgetechproperties\\vendor\\laravel\\framework\\src\\Illuminate\\Container\\BoundMethod.php(35): Illuminate\\Container\\BoundMethod::callBoundMethod(Object(Illuminate\\Foundation\\Application), Array, Object(Closure))
#31 C:\\wamp64\\www\\Bridgetechproperties\\vendor\\laravel\\framework\\src\\Illuminate\\Container\\Container.php(661): Illuminate\\Container\\BoundMethod::call(Object(Illuminate\\Foundation\\Application), Array, Array, NULL)
#32 C:\\wamp64\\www\\Bridgetechproperties\\vendor\\laravel\\framework\\src\\Illuminate\\Console\\Command.php(183): Illuminate\\Container\\Container->call(Array)
#33 C:\\wamp64\\www\\Bridgetechproperties\\vendor\\symfony\\console\\Command\\Command.php(326): Illuminate\\Console\\Command->execute(Object(Symfony\\Component\\Console\\Input\\ArgvInput), Object(Illuminate\\Console\\OutputStyle))
#34 C:\\wamp64\\www\\Bridgetechproperties\\vendor\\laravel\\framework\\src\\Illuminate\\Console\\Command.php(152): Symfony\\Component\\Console\\Command\\Command->run(Object(Symfony\\Component\\Console\\Input\\ArgvInput), Object(Illuminate\\Console\\OutputStyle))
#35 C:\\wamp64\\www\\Bridgetechproperties\\vendor\\symfony\\console\\Application.php(1078): Illuminate\\Console\\Command->run(Object(Symfony\\Component\\Console\\Input\\ArgvInput), Object(Symfony\\Component\\Console\\Output\\ConsoleOutput))
#36 C:\\wamp64\\www\\Bridgetechproperties\\vendor\\symfony\\console\\Application.php(324): Symfony\\Component\\Console\\Application->doRunCommand(Object(Illuminate\\Queue\\Console\\WorkCommand), Object(Symfony\\Component\\Console\\Input\\ArgvInput), Object(Symfony\\Component\\Console\\Output\\ConsoleOutput))
#37 C:\\wamp64\\www\\Bridgetechproperties\\vendor\\symfony\\console\\Application.php(175): Symfony\\Component\\Console\\Application->doRun(Object(Symfony\\Component\\Console\\Input\\ArgvInput), Object(Symfony\\Component\\Console\\Output\\ConsoleOutput))
#38 C:\\wamp64\\www\\Bridgetechproperties\\vendor\\laravel\\framework\\src\\Illuminate\\Console\\Application.php(102): Symfony\\Component\\Console\\Application->run(Object(Symfony\\Component\\Console\\Input\\ArgvInput), Object(Symfony\\Component\\Console\\Output\\ConsoleOutput))
#39 C:\\wamp64\\www\\Bridgetechproperties\\vendor\\laravel\\framework\\src\\Illuminate\\Foundation\\Console\\Kernel.php(155): Illuminate\\Console\\Application->run(Object(Symfony\\Component\\Console\\Input\\ArgvInput), Object(Symfony\\Component\\Console\\Output\\ConsoleOutput))
#40 C:\\wamp64\\www\\Bridgetechproperties\\artisan(35): Illuminate\\Foundation\\Console\\Kernel->handle(Object(Symfony\\Component\\Console\\Input\\ArgvInput), Object(Symfony\\Component\\Console\\Output\\ConsoleOutput))
#41 {main}
"} 
[2024-11-06 16:43:41] local.INFO: Notification failed to send. Preparing to release credits. {"notification_id":"1d8c7c97-ae06-404f-81fd-530ce167e6bd","results":{"success":false}} 
[2024-11-06 16:43:41] local.INFO: Attempting to release all credits. {"credit_entry_exists":true,"pending_credits":1} 
[2024-11-06 16:43:42] local.ERROR: Notification failed to send {"id":"1d8c7c97-ae06-404f-81fd-530ce167e6bd"} 
[2024-11-06 16:43:42] local.ERROR: AfricasTalking service responded with an error: cURL error 60: SSL certificate problem: unable to get local issuer certificate (see https://curl.haxx.se/libcurl/c/libcurl-errors.html) for https://api.sandbox.africastalking.com/version1/messaging {"exception":"[object] (NotificationChannels\\AfricasTalking\\Exceptions\\CouldNotSendNotification(code: 0): AfricasTalking service responded with an error: cURL error 60: SSL certificate problem: unable to get local issuer certificate (see https://curl.haxx.se/libcurl/c/libcurl-errors.html) for https://api.sandbox.africastalking.com/version1/messaging at C:\\wamp64\\www\\Bridgetechproperties\\vendor\\laravel-notification-channels\\africastalking\\src\\Exceptions\\CouldNotSendNotification.php:15)
[stacktrace]
#0 C:\\wamp64\\www\\Bridgetechproperties\\vendor\\laravel-notification-channels\\africastalking\\src\\AfricasTalkingChannel.php(56): NotificationChannels\\AfricasTalking\\Exceptions\\CouldNotSendNotification::serviceRespondedWithAnError('cURL error 60: ...')
#1 C:\\wamp64\\www\\Bridgetechproperties\\vendor\\laravel\\framework\\src\\Illuminate\\Notifications\\NotificationSender.php(148): NotificationChannels\\AfricasTalking\\AfricasTalkingChannel->send(Object(App\\Models\\User), Object(App\\Notifications\\SendTextNotification))
#2 C:\\wamp64\\www\\Bridgetechproperties\\vendor\\laravel\\framework\\src\\Illuminate\\Notifications\\NotificationSender.php(106): Illuminate\\Notifications\\NotificationSender->sendToNotifiable(Object(App\\Models\\User), 'f31056fd-97e2-4...', Object(App\\Notifications\\SendTextNotification), 'NotificationCha...')
#3 C:\\wamp64\\www\\Bridgetechproperties\\vendor\\laravel\\framework\\src\\Illuminate\\Support\\Traits\\Localizable.php(19): Illuminate\\Notifications\\NotificationSender->Illuminate\\Notifications\\{closure}()
#4 C:\\wamp64\\www\\Bridgetechproperties\\vendor\\laravel\\framework\\src\\Illuminate\\Notifications\\NotificationSender.php(101): Illuminate\\Notifications\\NotificationSender->withLocale(NULL, Object(Closure))
#5 C:\\wamp64\\www\\Bridgetechproperties\\vendor\\laravel\\framework\\src\\Illuminate\\Notifications\\ChannelManager.php(54): Illuminate\\Notifications\\NotificationSender->sendNow(Object(Illuminate\\Database\\Eloquent\\Collection), Object(App\\Notifications\\SendTextNotification), Array)
#6 C:\\wamp64\\www\\Bridgetechproperties\\vendor\\laravel\\framework\\src\\Illuminate\\Notifications\\SendQueuedNotifications.php(112): Illuminate\\Notifications\\ChannelManager->sendNow(Object(Illuminate\\Database\\Eloquent\\Collection), Object(App\\Notifications\\SendTextNotification), Array)
#7 C:\\wamp64\\www\\Bridgetechproperties\\vendor\\laravel\\framework\\src\\Illuminate\\Container\\BoundMethod.php(36): Illuminate\\Notifications\\SendQueuedNotifications->handle(Object(Illuminate\\Notifications\\ChannelManager))
#8 C:\\wamp64\\www\\Bridgetechproperties\\vendor\\laravel\\framework\\src\\Illuminate\\Container\\Util.php(41): Illuminate\\Container\\BoundMethod::Illuminate\\Container\\{closure}()
#9 C:\\wamp64\\www\\Bridgetechproperties\\vendor\\laravel\\framework\\src\\Illuminate\\Container\\BoundMethod.php(93): Illuminate\\Container\\Util::unwrapIfClosure(Object(Closure))
#10 C:\\wamp64\\www\\Bridgetechproperties\\vendor\\laravel\\framework\\src\\Illuminate\\Container\\BoundMethod.php(35): Illuminate\\Container\\BoundMethod::callBoundMethod(Object(Illuminate\\Foundation\\Application), Array, Object(Closure))
#11 C:\\wamp64\\www\\Bridgetechproperties\\vendor\\laravel\\framework\\src\\Illuminate\\Container\\Container.php(661): Illuminate\\Container\\BoundMethod::call(Object(Illuminate\\Foundation\\Application), Array, Array, NULL)
#12 C:\\wamp64\\www\\Bridgetechproperties\\vendor\\laravel\\framework\\src\\Illuminate\\Bus\\Dispatcher.php(128): Illuminate\\Container\\Container->call(Array)
#13 C:\\wamp64\\www\\Bridgetechproperties\\vendor\\laravel\\framework\\src\\Illuminate\\Pipeline\\Pipeline.php(141): Illuminate\\Bus\\Dispatcher->Illuminate\\Bus\\{closure}(Object(Illuminate\\Notifications\\SendQueuedNotifications))
#14 C:\\wamp64\\www\\Bridgetechproperties\\vendor\\laravel\\framework\\src\\Illuminate\\Pipeline\\Pipeline.php(116): Illuminate\\Pipeline\\Pipeline->Illuminate\\Pipeline\\{closure}(Object(Illuminate\\Notifications\\SendQueuedNotifications))
#15 C:\\wamp64\\www\\Bridgetechproperties\\vendor\\laravel\\framework\\src\\Illuminate\\Bus\\Dispatcher.php(132): Illuminate\\Pipeline\\Pipeline->then(Object(Closure))
#16 C:\\wamp64\\www\\Bridgetechproperties\\vendor\\laravel\\framework\\src\\Illuminate\\Queue\\CallQueuedHandler.php(123): Illuminate\\Bus\\Dispatcher->dispatchNow(Object(Illuminate\\Notifications\\SendQueuedNotifications), false)
#17 C:\\wamp64\\www\\Bridgetechproperties\\vendor\\laravel\\framework\\src\\Illuminate\\Pipeline\\Pipeline.php(141): Illuminate\\Queue\\CallQueuedHandler->Illuminate\\Queue\\{closure}(Object(Illuminate\\Notifications\\SendQueuedNotifications))
#18 C:\\wamp64\\www\\Bridgetechproperties\\vendor\\laravel\\framework\\src\\Illuminate\\Pipeline\\Pipeline.php(116): Illuminate\\Pipeline\\Pipeline->Illuminate\\Pipeline\\{closure}(Object(Illuminate\\Notifications\\SendQueuedNotifications))
#19 C:\\wamp64\\www\\Bridgetechproperties\\vendor\\laravel\\framework\\src\\Illuminate\\Queue\\CallQueuedHandler.php(122): Illuminate\\Pipeline\\Pipeline->then(Object(Closure))
#20 C:\\wamp64\\www\\Bridgetechproperties\\vendor\\laravel\\framework\\src\\Illuminate\\Queue\\CallQueuedHandler.php(70): Illuminate\\Queue\\CallQueuedHandler->dispatchThroughMiddleware(Object(Illuminate\\Queue\\Jobs\\DatabaseJob), Object(Illuminate\\Notifications\\SendQueuedNotifications))
#21 C:\\wamp64\\www\\Bridgetechproperties\\vendor\\laravel\\framework\\src\\Illuminate\\Queue\\Jobs\\Job.php(98): Illuminate\\Queue\\CallQueuedHandler->call(Object(Illuminate\\Queue\\Jobs\\DatabaseJob), Array)
#22 C:\\wamp64\\www\\Bridgetechproperties\\vendor\\laravel\\framework\\src\\Illuminate\\Queue\\Worker.php(425): Illuminate\\Queue\\Jobs\\Job->fire()
#23 C:\\wamp64\\www\\Bridgetechproperties\\vendor\\laravel\\framework\\src\\Illuminate\\Queue\\Worker.php(375): Illuminate\\Queue\\Worker->process('database', Object(Illuminate\\Queue\\Jobs\\DatabaseJob), Object(Illuminate\\Queue\\WorkerOptions))
#24 C:\\wamp64\\www\\Bridgetechproperties\\vendor\\laravel\\framework\\src\\Illuminate\\Queue\\Worker.php(173): Illuminate\\Queue\\Worker->runJob(Object(Illuminate\\Queue\\Jobs\\DatabaseJob), 'database', Object(Illuminate\\Queue\\WorkerOptions))
#25 C:\\wamp64\\www\\Bridgetechproperties\\vendor\\laravel\\framework\\src\\Illuminate\\Queue\\Console\\WorkCommand.php(147): Illuminate\\Queue\\Worker->daemon('database', 'default', Object(Illuminate\\Queue\\WorkerOptions))
#26 C:\\wamp64\\www\\Bridgetechproperties\\vendor\\laravel\\framework\\src\\Illuminate\\Queue\\Console\\WorkCommand.php(130): Illuminate\\Queue\\Console\\WorkCommand->runWorker('database', 'default')
#27 C:\\wamp64\\www\\Bridgetechproperties\\vendor\\laravel\\framework\\src\\Illuminate\\Container\\BoundMethod.php(36): Illuminate\\Queue\\Console\\WorkCommand->handle()
#28 C:\\wamp64\\www\\Bridgetechproperties\\vendor\\laravel\\framework\\src\\Illuminate\\Container\\Util.php(41): Illuminate\\Container\\BoundMethod::Illuminate\\Container\\{closure}()
#29 C:\\wamp64\\www\\Bridgetechproperties\\vendor\\laravel\\framework\\src\\Illuminate\\Container\\BoundMethod.php(93): Illuminate\\Container\\Util::unwrapIfClosure(Object(Closure))
#30 C:\\wamp64\\www\\Bridgetechproperties\\vendor\\laravel\\framework\\src\\Illuminate\\Container\\BoundMethod.php(35): Illuminate\\Container\\BoundMethod::callBoundMethod(Object(Illuminate\\Foundation\\Application), Array, Object(Closure))
#31 C:\\wamp64\\www\\Bridgetechproperties\\vendor\\laravel\\framework\\src\\Illuminate\\Container\\Container.php(661): Illuminate\\Container\\BoundMethod::call(Object(Illuminate\\Foundation\\Application), Array, Array, NULL)
#32 C:\\wamp64\\www\\Bridgetechproperties\\vendor\\laravel\\framework\\src\\Illuminate\\Console\\Command.php(183): Illuminate\\Container\\Container->call(Array)
#33 C:\\wamp64\\www\\Bridgetechproperties\\vendor\\symfony\\console\\Command\\Command.php(326): Illuminate\\Console\\Command->execute(Object(Symfony\\Component\\Console\\Input\\ArgvInput), Object(Illuminate\\Console\\OutputStyle))
#34 C:\\wamp64\\www\\Bridgetechproperties\\vendor\\laravel\\framework\\src\\Illuminate\\Console\\Command.php(152): Symfony\\Component\\Console\\Command\\Command->run(Object(Symfony\\Component\\Console\\Input\\ArgvInput), Object(Illuminate\\Console\\OutputStyle))
#35 C:\\wamp64\\www\\Bridgetechproperties\\vendor\\symfony\\console\\Application.php(1078): Illuminate\\Console\\Command->run(Object(Symfony\\Component\\Console\\Input\\ArgvInput), Object(Symfony\\Component\\Console\\Output\\ConsoleOutput))
#36 C:\\wamp64\\www\\Bridgetechproperties\\vendor\\symfony\\console\\Application.php(324): Symfony\\Component\\Console\\Application->doRunCommand(Object(Illuminate\\Queue\\Console\\WorkCommand), Object(Symfony\\Component\\Console\\Input\\ArgvInput), Object(Symfony\\Component\\Console\\Output\\ConsoleOutput))
#37 C:\\wamp64\\www\\Bridgetechproperties\\vendor\\symfony\\console\\Application.php(175): Symfony\\Component\\Console\\Application->doRun(Object(Symfony\\Component\\Console\\Input\\ArgvInput), Object(Symfony\\Component\\Console\\Output\\ConsoleOutput))
#38 C:\\wamp64\\www\\Bridgetechproperties\\vendor\\laravel\\framework\\src\\Illuminate\\Console\\Application.php(102): Symfony\\Component\\Console\\Application->run(Object(Symfony\\Component\\Console\\Input\\ArgvInput), Object(Symfony\\Component\\Console\\Output\\ConsoleOutput))
#39 C:\\wamp64\\www\\Bridgetechproperties\\vendor\\laravel\\framework\\src\\Illuminate\\Foundation\\Console\\Kernel.php(155): Illuminate\\Console\\Application->run(Object(Symfony\\Component\\Console\\Input\\ArgvInput), Object(Symfony\\Component\\Console\\Output\\ConsoleOutput))
#40 C:\\wamp64\\www\\Bridgetechproperties\\artisan(35): Illuminate\\Foundation\\Console\\Kernel->handle(Object(Symfony\\Component\\Console\\Input\\ArgvInput), Object(Symfony\\Component\\Console\\Output\\ConsoleOutput))
#41 {main}
"} 
